0 info it worked if it ends with ok
1 verbose cli [ '/opt/nvm/versions/node/v10.15.3/bin/node',
1 verbose cli   '/opt/nvm/versions/node/v10/bin/npm-real',
1 verbose cli   'run',
1 verbose cli   'compile' ]
2 info using npm@6.4.1
3 info using node@v10.15.3
4 verbose config Skipping project config: /app/.npmrc. (matches userconfig)
5 verbose run-script [ 'precompile', 'compile', 'postcompile' ]
6 info lifecycle vue-starter-express@0.0.1~precompile: vue-starter-express@0.0.1
7 info lifecycle vue-starter-express@0.0.1~compile: vue-starter-express@0.0.1
8 verbose lifecycle vue-starter-express@0.0.1~compile: unsafe-perm in lifecycle true
9 verbose lifecycle vue-starter-express@0.0.1~compile: PATH: /opt/nvm/versions/node/v10.15.3/lib/node_modules/npm/node_modules/npm-lifecycle/node-gyp-bin:/app/node_modules/.bin:/app/bin:/app/.local/bin:/app/node_modules/.bin:/opt/rust/cargo/bin:/opt/swift/usr/bin:/usr/local/go/bin:/usr/local/sbin:/usr/local/bin:/usr/sbin:/usr/bin:/sbin:/bin:/opt/nvm/versions/node/v10/bin
10 verbose lifecycle vue-starter-express@0.0.1~compile: CWD: /app
11 silly lifecycle vue-starter-express@0.0.1~compile: Args: [ '-c',
11 silly lifecycle   'browserify -t vueify -e src/main.js -o public/build.js' ]
12 info lifecycle vue-starter-express@0.0.1~compile: Failed to exec compile script
13 verbose stack Error: vue-starter-express@0.0.1 compile: `browserify -t vueify -e src/main.js -o public/build.js`
13 verbose stack spawn ENOENT
13 verbose stack     at ChildProcess.<anonymous> (/opt/nvm/versions/node/v10.15.3/lib/node_modules/npm/node_modules/npm-lifecycle/lib/spawn.js:48:18)
13 verbose stack     at ChildProcess.emit (events.js:189:13)
13 verbose stack     at maybeClose (internal/child_process.js:970:16)
13 verbose stack     at Process.ChildProcess._handle.onexit (internal/child_process.js:259:5)
14 verbose pkgid vue-starter-express@0.0.1
15 verbose cwd /app
16 verbose Linux 4.4.0-1107-aws
17 verbose argv "/opt/nvm/versions/node/v10.15.3/bin/node" "/opt/nvm/versions/node/v10/bin/npm-real" "run" "compile"
18 verbose node v10.15.3
19 verbose npm  v6.4.1
20 error file sh
21 error code ELIFECYCLE
22 error errno ENOENT
23 error syscall spawn
24 error vue-starter-express@0.0.1 compile: `browserify -t vueify -e src/main.js -o public/build.js`
24 error spawn ENOENT
25 error Failed at the vue-starter-express@0.0.1 compile script.
25 error This is probably not a problem with npm. There is likely additional logging output above.
26 verbose exit [ 1, true ]
